{"C:\\Users\\huste\\source\\repos\\TidalAPI\\lib\\TidalAPI.ts": {"path":"C:\\Users\\huste\\source\\repos\\TidalAPI\\lib\\TidalAPI.ts","statementMap":{"0":{"start":{"line":4,"column":0},"end":{"line":4,"column":28}},"1":{"start":{"line":5,"column":0},"end":{"line":5,"column":31}},"2":{"start":{"line":6,"column":0},"end":{"line":6,"column":35}},"3":{"start":{"line":11,"column":0},"end":{"line":11,"column":46}},"4":{"start":{"line":18,"column":16},"end":{"line":18,"column":46}},"5":{"start":{"line":26,"column":12},"end":{"line":26,"column":45}},"6":{"start":{"line":33,"column":12},"end":{"line":33,"column":47}},"7":{"start":{"line":40,"column":12},"end":{"line":40,"column":42}},"8":{"start":{"line":78,"column":12},"end":{"line":78,"column":30}},"9":{"start":{"line":54,"column":8},"end":{"line":66,"column":null}},"10":{"start":{"line":55,"column":12},"end":{"line":55,"column":90}},"11":{"start":{"line":57,"column":12},"end":{"line":59,"column":null}},"12":{"start":{"line":58,"column":16},"end":{"line":58,"column":63}},"13":{"start":{"line":60,"column":12},"end":{"line":62,"column":null}},"14":{"start":{"line":61,"column":16},"end":{"line":61,"column":63}},"15":{"start":{"line":63,"column":12},"end":{"line":65,"column":null}},"16":{"start":{"line":64,"column":16},"end":{"line":64,"column":69}},"17":{"start":{"line":68,"column":8},"end":{"line":68,"column":30}},"18":{"start":{"line":69,"column":8},"end":{"line":71,"column":null}},"19":{"start":{"line":70,"column":12},"end":{"line":70,"column":43}},"20":{"start":{"line":81,"column":8},"end":{"line":81,"column":30}},"21":{"start":{"line":88,"column":24},"end":{"line":88,"column":37}},"22":{"start":{"line":89,"column":8},"end":{"line":89,"column":60}},"23":{"start":{"line":90,"column":8},"end":{"line":90,"column":76}},"24":{"start":{"line":92,"column":27},"end":{"line":92,"column":48}},"25":{"start":{"line":93,"column":8},"end":{"line":93,"column":62}},"26":{"start":{"line":94,"column":8},"end":{"line":94,"column":62}},"27":{"start":{"line":97,"column":23},"end":{"line":102,"column":10}},"28":{"start":{"line":104,"column":81},"end":{"line":104,"column":100}},"29":{"start":{"line":105,"column":8},"end":{"line":105,"column":41}},"30":{"start":{"line":106,"column":8},"end":{"line":106,"column":35}},"31":{"start":{"line":107,"column":8},"end":{"line":107,"column":45}},"32":{"start":{"line":108,"column":8},"end":{"line":108,"column":30}},"33":{"start":{"line":112,"column":8},"end":{"line":112,"column":28}},"34":{"start":{"line":120,"column":37},"end":{"line":120,"column":39}},"35":{"start":{"line":121,"column":8},"end":{"line":126,"column":null}},"36":{"start":{"line":122,"column":12},"end":{"line":122,"column":35}},"37":{"start":{"line":123,"column":12},"end":{"line":123,"column":33}},"38":{"start":{"line":125,"column":12},"end":{"line":125,"column":29}},"39":{"start":{"line":127,"column":8},"end":{"line":127,"column":60}},"40":{"start":{"line":136,"column":8},"end":{"line":136,"column":89}},"41":{"start":{"line":145,"column":8},"end":{"line":145,"column":106}},"42":{"start":{"line":154,"column":8},"end":{"line":154,"column":102}},"43":{"start":{"line":162,"column":8},"end":{"line":162,"column":96}},"44":{"start":{"line":171,"column":8},"end":{"line":171,"column":103}},"45":{"start":{"line":181,"column":8},"end":{"line":181,"column":102}},"46":{"start":{"line":190,"column":8},"end":{"line":190,"column":87}},"47":{"start":{"line":200,"column":8},"end":{"line":200,"column":100}},"48":{"start":{"line":209,"column":8},"end":{"line":209,"column":94}},"49":{"start":{"line":218,"column":8},"end":{"line":218,"column":106}},"50":{"start":{"line":227,"column":8},"end":{"line":227,"column":85}},"51":{"start":{"line":235,"column":8},"end":{"line":237,"column":11}},"52":{"start":{"line":241,"column":8},"end":{"line":243,"column":11}},"53":{"start":{"line":251,"column":8},"end":{"line":251,"column":100}},"54":{"start":{"line":260,"column":8},"end":{"line":260,"column":99}},"55":{"start":{"line":269,"column":8},"end":{"line":269,"column":117}},"56":{"start":{"line":273,"column":20},"end":{"line":273,"column":66}},"57":{"start":{"line":274,"column":23},"end":{"line":274,"column":78}},"58":{"start":{"line":275,"column":8},"end":{"line":275,"column":50}},"59":{"start":{"line":279,"column":8},"end":{"line":279,"column":122}},"60":{"start":{"line":283,"column":21},"end":{"line":283,"column":25}},"61":{"start":{"line":284,"column":20},"end":{"line":284,"column":77}},"62":{"start":{"line":285,"column":21},"end":{"line":285,"column":51}},"63":{"start":{"line":286,"column":23},"end":{"line":289,"column":10}},"64":{"start":{"line":290,"column":24},"end":{"line":290,"column":60}},"65":{"start":{"line":291,"column":8},"end":{"line":291,"column":75}},"66":{"start":{"line":300,"column":8},"end":{"line":300,"column":67}},"67":{"start":{"line":304,"column":51},"end":{"line":306,"column":10}},"68":{"start":{"line":308,"column":8},"end":{"line":308,"column":67}},"69":{"start":{"line":308,"column":48},"end":{"line":308,"column":65}},"70":{"start":{"line":319,"column":20},"end":{"line":319,"column":139}},"71":{"start":{"line":320,"column":23},"end":{"line":323,"column":10}},"72":{"start":{"line":324,"column":23},"end":{"line":324,"column":79}},"73":{"start":{"line":325,"column":8},"end":{"line":325,"column":27}},"74":{"start":{"line":336,"column":23},"end":{"line":336,"column":62}},"75":{"start":{"line":337,"column":8},"end":{"line":338,"column":26}},"76":{"start":{"line":338,"column":12},"end":{"line":338,"column":26}},"77":{"start":{"line":339,"column":8},"end":{"line":339,"column":63}},"78":{"start":{"line":350,"column":8},"end":{"line":350,"column":30}},"79":{"start":{"line":351,"column":8},"end":{"line":351,"column":32}},"80":{"start":{"line":352,"column":8},"end":{"line":352,"column":119}},"81":{"start":{"line":356,"column":8},"end":{"line":359,"column":null}},"82":{"start":{"line":357,"column":12},"end":{"line":357,"column":31}},"83":{"start":{"line":358,"column":12},"end":{"line":358,"column":106}},"84":{"start":{"line":361,"column":8},"end":{"line":362,"column":24}},"85":{"start":{"line":362,"column":12},"end":{"line":362,"column":24}},"86":{"start":{"line":363,"column":8},"end":{"line":363,"column":89}},"87":{"start":{"line":364,"column":8},"end":{"line":364,"column":63}},"88":{"start":{"line":366,"column":22},"end":{"line":366,"column":39}},"89":{"start":{"line":367,"column":8},"end":{"line":369,"column":null}},"90":{"start":{"line":368,"column":12},"end":{"line":368,"column":36}},"91":{"start":{"line":370,"column":8},"end":{"line":370,"column":60}},"92":{"start":{"line":371,"column":8},"end":{"line":371,"column":61}},"93":{"start":{"line":375,"column":8},"end":{"line":387,"column":null}},"94":{"start":{"line":376,"column":12},"end":{"line":376,"column":41}},"95":{"start":{"line":377,"column":12},"end":{"line":379,"column":null}},"96":{"start":{"line":378,"column":16},"end":{"line":378,"column":46}},"97":{"start":{"line":381,"column":12},"end":{"line":385,"column":null}},"98":{"start":{"line":382,"column":34},"end":{"line":382,"column":140}},"99":{"start":{"line":382,"column":72},"end":{"line":382,"column":116}},"100":{"start":{"line":384,"column":16},"end":{"line":384,"column":33}},"101":{"start":{"line":386,"column":12},"end":{"line":386,"column":24}},"102":{"start":{"line":391,"column":23},"end":{"line":395,"column":10}},"103":{"start":{"line":397,"column":8},"end":{"line":399,"column":null}},"104":{"start":{"line":398,"column":12},"end":{"line":398,"column":39}},"105":{"start":{"line":400,"column":8},"end":{"line":402,"column":null}},"106":{"start":{"line":401,"column":12},"end":{"line":401,"column":39}},"107":{"start":{"line":403,"column":8},"end":{"line":406,"column":23}},"108":{"start":{"line":413,"column":8},"end":{"line":413,"column":128}},"109":{"start":{"line":20,"column":0},"end":{"line":20,"column":13}}},"fnMap":{"0":{"name":"(anonymous_7)","decl":{"start":{"line":53,"column":4},"end":{"line":53,"column":16}},"loc":{"start":{"line":53,"column":32},"end":{"line":72,"column":5}}},"1":{"name":"(anonymous_8)","decl":{"start":{"line":80,"column":4},"end":{"line":80,"column":8}},"loc":{"start":{"line":80,"column":16},"end":{"line":82,"column":5}}},"2":{"name":"(anonymous_9)","decl":{"start":{"line":87,"column":17},"end":{"line":87,"column":22}},"loc":{"start":{"line":87,"column":22},"end":{"line":109,"column":null}}},"3":{"name":"(anonymous_11)","decl":{"start":{"line":111,"column":11},"end":{"line":111,"column":18}},"loc":{"start":{"line":111,"column":18},"end":{"line":113,"column":5}}},"4":{"name":"(anonymous_12)","decl":{"start":{"line":119,"column":17},"end":{"line":119,"column":23}},"loc":{"start":{"line":119,"column":52},"end":{"line":128,"column":null}}},"5":{"name":"(anonymous_14)","decl":{"start":{"line":135,"column":17},"end":{"line":135,"column":26}},"loc":{"start":{"line":135,"column":43},"end":{"line":137,"column":null}}},"6":{"name":"(anonymous_16)","decl":{"start":{"line":144,"column":17},"end":{"line":144,"column":29}},"loc":{"start":{"line":144,"column":75},"end":{"line":146,"column":null}}},"7":{"name":"(anonymous_18)","decl":{"start":{"line":153,"column":17},"end":{"line":153,"column":32}},"loc":{"start":{"line":153,"column":77},"end":{"line":155,"column":null}}},"8":{"name":"(anonymous_20)","decl":{"start":{"line":161,"column":17},"end":{"line":161,"column":29}},"loc":{"start":{"line":161,"column":46},"end":{"line":163,"column":null}}},"9":{"name":"(anonymous_22)","decl":{"start":{"line":170,"column":17},"end":{"line":170,"column":34}},"loc":{"start":{"line":170,"column":79},"end":{"line":172,"column":null}}},"10":{"name":"(anonymous_24)","decl":{"start":{"line":180,"column":17},"end":{"line":180,"column":32}},"loc":{"start":{"line":180,"column":77},"end":{"line":182,"column":null}}},"11":{"name":"(anonymous_26)","decl":{"start":{"line":189,"column":17},"end":{"line":189,"column":25}},"loc":{"start":{"line":189,"column":41},"end":{"line":191,"column":null}}},"12":{"name":"(anonymous_28)","decl":{"start":{"line":199,"column":17},"end":{"line":199,"column":31}},"loc":{"start":{"line":199,"column":75},"end":{"line":201,"column":null}}},"13":{"name":"(anonymous_30)","decl":{"start":{"line":208,"column":17},"end":{"line":208,"column":28}},"loc":{"start":{"line":208,"column":75},"end":{"line":210,"column":null}}},"14":{"name":"(anonymous_32)","decl":{"start":{"line":217,"column":17},"end":{"line":217,"column":34}},"loc":{"start":{"line":217,"column":81},"end":{"line":219,"column":null}}},"15":{"name":"(anonymous_34)","decl":{"start":{"line":226,"column":17},"end":{"line":226,"column":29}},"loc":{"start":{"line":226,"column":45},"end":{"line":228,"column":null}}},"16":{"name":"(anonymous_36)","decl":{"start":{"line":234,"column":17},"end":{"line":234,"column":29}},"loc":{"start":{"line":234,"column":45},"end":{"line":238,"column":null}}},"17":{"name":"(anonymous_38)","decl":{"start":{"line":240,"column":17},"end":{"line":240,"column":30}},"loc":{"start":{"line":240,"column":46},"end":{"line":244,"column":null}}},"18":{"name":"(anonymous_40)","decl":{"start":{"line":250,"column":17},"end":{"line":250,"column":34}},"loc":{"start":{"line":250,"column":50},"end":{"line":252,"column":null}}},"19":{"name":"(anonymous_42)","decl":{"start":{"line":259,"column":17},"end":{"line":259,"column":24}},"loc":{"start":{"line":259,"column":46},"end":{"line":261,"column":null}}},"20":{"name":"(anonymous_44)","decl":{"start":{"line":268,"column":17},"end":{"line":268,"column":29}},"loc":{"start":{"line":268,"column":79},"end":{"line":270,"column":null}}},"21":{"name":"(anonymous_46)","decl":{"start":{"line":272,"column":17},"end":{"line":272,"column":24}},"loc":{"start":{"line":272,"column":35},"end":{"line":276,"column":null}}},"22":{"name":"(anonymous_48)","decl":{"start":{"line":278,"column":17},"end":{"line":278,"column":31}},"loc":{"start":{"line":278,"column":50},"end":{"line":280,"column":null}}},"23":{"name":"(anonymous_50)","decl":{"start":{"line":282,"column":17},"end":{"line":282,"column":36}},"loc":{"start":{"line":282,"column":74},"end":{"line":292,"column":null}}},"24":{"name":"(anonymous_52)","decl":{"start":{"line":299,"column":17},"end":{"line":299,"column":38}},"loc":{"start":{"line":299,"column":52},"end":{"line":301,"column":6}}},"25":{"name":"(anonymous_54)","decl":{"start":{"line":303,"column":17},"end":{"line":303,"column":36}},"loc":{"start":{"line":303,"column":50},"end":{"line":309,"column":null}}},"26":{"name":"(anonymous_56)","decl":{"start":{"line":308,"column":43},"end":{"line":308,"column":44}},"loc":{"start":{"line":308,"column":48},"end":{"line":308,"column":65}}},"27":{"name":"(anonymous_57)","decl":{"start":{"line":318,"column":17},"end":{"line":318,"column":31}},"loc":{"start":{"line":318,"column":66},"end":{"line":326,"column":null}}},"28":{"name":"(anonymous_59)","decl":{"start":{"line":335,"column":17},"end":{"line":335,"column":42}},"loc":{"start":{"line":335,"column":61},"end":{"line":340,"column":null}}},"29":{"name":"(anonymous_61)","decl":{"start":{"line":349,"column":11},"end":{"line":349,"column":24}},"loc":{"start":{"line":349,"column":84},"end":{"line":353,"column":5}}},"30":{"name":"(anonymous_62)","decl":{"start":{"line":355,"column":18},"end":{"line":355,"column":33}},"loc":{"start":{"line":355,"column":147},"end":{"line":407,"column":null}}},"31":{"name":"(anonymous_64)","decl":{"start":{"line":382,"column":62},"end":{"line":382,"column":63}},"loc":{"start":{"line":382,"column":72},"end":{"line":382,"column":116}}},"32":{"name":"(anonymous_65)","decl":{"start":{"line":412,"column":18},"end":{"line":412,"column":30}},"loc":{"start":{"line":412,"column":173},"end":{"line":414,"column":null}}}},"branchMap":{"0":{"loc":{"start":{"line":54,"column":8},"end":{"line":66,"column":null}},"type":"if","locations":[{"start":{"line":54,"column":8},"end":{"line":66,"column":null}},{"start":{"line":54,"column":8},"end":{"line":66,"column":null}}]},"1":{"loc":{"start":{"line":57,"column":12},"end":{"line":59,"column":null}},"type":"if","locations":[{"start":{"line":57,"column":12},"end":{"line":59,"column":null}},{"start":{"line":57,"column":12},"end":{"line":59,"column":null}}]},"2":{"loc":{"start":{"line":60,"column":12},"end":{"line":62,"column":null}},"type":"if","locations":[{"start":{"line":60,"column":12},"end":{"line":62,"column":null}},{"start":{"line":60,"column":12},"end":{"line":62,"column":null}}]},"3":{"loc":{"start":{"line":63,"column":12},"end":{"line":65,"column":null}},"type":"if","locations":[{"start":{"line":63,"column":12},"end":{"line":65,"column":null}},{"start":{"line":63,"column":12},"end":{"line":65,"column":null}}]},"4":{"loc":{"start":{"line":69,"column":8},"end":{"line":71,"column":null}},"type":"if","locations":[{"start":{"line":69,"column":8},"end":{"line":71,"column":null}},{"start":{"line":69,"column":8},"end":{"line":71,"column":null}}]},"5":{"loc":{"start":{"line":121,"column":8},"end":{"line":126,"column":null}},"type":"if","locations":[{"start":{"line":121,"column":8},"end":{"line":126,"column":null}},{"start":{"line":121,"column":8},"end":{"line":126,"column":null}}]},"6":{"loc":{"start":{"line":144,"column":71},"end":{"line":144,"column":75}},"type":"default-arg","locations":[{"start":{"line":144,"column":71},"end":{"line":144,"column":75}}]},"7":{"loc":{"start":{"line":153,"column":73},"end":{"line":153,"column":77}},"type":"default-arg","locations":[{"start":{"line":153,"column":73},"end":{"line":153,"column":77}}]},"8":{"loc":{"start":{"line":170,"column":75},"end":{"line":170,"column":79}},"type":"default-arg","locations":[{"start":{"line":170,"column":75},"end":{"line":170,"column":79}}]},"9":{"loc":{"start":{"line":180,"column":73},"end":{"line":180,"column":77}},"type":"default-arg","locations":[{"start":{"line":180,"column":73},"end":{"line":180,"column":77}}]},"10":{"loc":{"start":{"line":199,"column":71},"end":{"line":199,"column":75}},"type":"default-arg","locations":[{"start":{"line":199,"column":71},"end":{"line":199,"column":75}}]},"11":{"loc":{"start":{"line":208,"column":71},"end":{"line":208,"column":75}},"type":"default-arg","locations":[{"start":{"line":208,"column":71},"end":{"line":208,"column":75}}]},"12":{"loc":{"start":{"line":217,"column":77},"end":{"line":217,"column":81}},"type":"default-arg","locations":[{"start":{"line":217,"column":77},"end":{"line":217,"column":81}}]},"13":{"loc":{"start":{"line":259,"column":42},"end":{"line":259,"column":46}},"type":"default-arg","locations":[{"start":{"line":259,"column":42},"end":{"line":259,"column":46}}]},"14":{"loc":{"start":{"line":260,"column":70},"end":{"line":260,"column":76}},"type":"cond-expr","locations":[{"start":{"line":260,"column":70},"end":{"line":260,"column":76}},{"start":{"line":260,"column":80},"end":{"line":260,"column":92}}]},"15":{"loc":{"start":{"line":260,"column":70},"end":{"line":260,"column":80}},"type":"binary-expr","locations":[{"start":{"line":260,"column":70},"end":{"line":260,"column":80}},{"start":{"line":260,"column":70},"end":{"line":260,"column":80}}]},"16":{"loc":{"start":{"line":268,"column":47},"end":{"line":268,"column":51}},"type":"default-arg","locations":[{"start":{"line":268,"column":47},"end":{"line":268,"column":51}}]},"17":{"loc":{"start":{"line":268,"column":75},"end":{"line":268,"column":79}},"type":"default-arg","locations":[{"start":{"line":268,"column":75},"end":{"line":268,"column":79}}]},"18":{"loc":{"start":{"line":269,"column":70},"end":{"line":269,"column":76}},"type":"cond-expr","locations":[{"start":{"line":269,"column":70},"end":{"line":269,"column":76}},{"start":{"line":269,"column":80},"end":{"line":269,"column":92}}]},"19":{"loc":{"start":{"line":269,"column":70},"end":{"line":269,"column":80}},"type":"binary-expr","locations":[{"start":{"line":269,"column":70},"end":{"line":269,"column":80}},{"start":{"line":269,"column":70},"end":{"line":269,"column":80}}]},"20":{"loc":{"start":{"line":337,"column":8},"end":{"line":338,"column":26}},"type":"if","locations":[{"start":{"line":337,"column":8},"end":{"line":338,"column":26}},{"start":{"line":337,"column":8},"end":{"line":338,"column":26}}]},"21":{"loc":{"start":{"line":349,"column":57},"end":{"line":349,"column":61}},"type":"default-arg","locations":[{"start":{"line":349,"column":57},"end":{"line":349,"column":61}}]},"22":{"loc":{"start":{"line":349,"column":80},"end":{"line":349,"column":84}},"type":"default-arg","locations":[{"start":{"line":349,"column":80},"end":{"line":349,"column":84}}]},"23":{"loc":{"start":{"line":350,"column":16},"end":{"line":350,"column":21}},"type":"cond-expr","locations":[{"start":{"line":350,"column":16},"end":{"line":350,"column":21}},{"start":{"line":350,"column":25},"end":{"line":350,"column":29}}]},"24":{"loc":{"start":{"line":350,"column":16},"end":{"line":350,"column":25}},"type":"binary-expr","locations":[{"start":{"line":350,"column":16},"end":{"line":350,"column":25}},{"start":{"line":350,"column":16},"end":{"line":350,"column":25}}]},"25":{"loc":{"start":{"line":351,"column":17},"end":{"line":351,"column":23}},"type":"cond-expr","locations":[{"start":{"line":351,"column":17},"end":{"line":351,"column":23}},{"start":{"line":351,"column":27},"end":{"line":351,"column":31}}]},"26":{"loc":{"start":{"line":351,"column":17},"end":{"line":351,"column":27}},"type":"binary-expr","locations":[{"start":{"line":351,"column":17},"end":{"line":351,"column":27}},{"start":{"line":351,"column":17},"end":{"line":351,"column":27}}]},"27":{"loc":{"start":{"line":355,"column":56},"end":{"line":355,"column":60}},"type":"default-arg","locations":[{"start":{"line":355,"column":56},"end":{"line":355,"column":60}}]},"28":{"loc":{"start":{"line":355,"column":142},"end":{"line":355,"column":147}},"type":"default-arg","locations":[{"start":{"line":355,"column":142},"end":{"line":355,"column":147}}]},"29":{"loc":{"start":{"line":356,"column":8},"end":{"line":359,"column":null}},"type":"if","locations":[{"start":{"line":356,"column":8},"end":{"line":359,"column":null}},{"start":{"line":356,"column":8},"end":{"line":359,"column":null}}]},"30":{"loc":{"start":{"line":361,"column":8},"end":{"line":362,"column":24}},"type":"if","locations":[{"start":{"line":361,"column":8},"end":{"line":362,"column":24}},{"start":{"line":361,"column":8},"end":{"line":362,"column":24}}]},"31":{"loc":{"start":{"line":363,"column":50},"end":{"line":363,"column":68}},"type":"cond-expr","locations":[{"start":{"line":363,"column":50},"end":{"line":363,"column":68}},{"start":{"line":363,"column":71},"end":{"line":363,"column":88}}]},"32":{"loc":{"start":{"line":364,"column":43},"end":{"line":364,"column":47}},"type":"cond-expr","locations":[{"start":{"line":364,"column":43},"end":{"line":364,"column":47}},{"start":{"line":364,"column":47},"end":{"line":364,"column":62}}]},"33":{"loc":{"start":{"line":364,"column":24},"end":{"line":364,"column":47}},"type":"binary-expr","locations":[{"start":{"line":364,"column":24},"end":{"line":364,"column":47}},{"start":{"line":364,"column":43},"end":{"line":364,"column":47}}]},"34":{"loc":{"start":{"line":367,"column":8},"end":{"line":369,"column":null}},"type":"if","locations":[{"start":{"line":367,"column":8},"end":{"line":369,"column":null}},{"start":{"line":367,"column":8},"end":{"line":369,"column":null}}]},"35":{"loc":{"start":{"line":375,"column":8},"end":{"line":387,"column":null}},"type":"if","locations":[{"start":{"line":375,"column":8},"end":{"line":387,"column":null}},{"start":{"line":375,"column":8},"end":{"line":387,"column":null}}]},"36":{"loc":{"start":{"line":381,"column":12},"end":{"line":385,"column":null}},"type":"if","locations":[{"start":{"line":381,"column":12},"end":{"line":385,"column":null}},{"start":{"line":381,"column":12},"end":{"line":385,"column":null}}]},"37":{"loc":{"start":{"line":381,"column":22},"end":{"line":381,"column":24}},"type":"cond-expr","locations":[{"start":{"line":381,"column":22},"end":{"line":381,"column":24}},{"start":{"line":381,"column":16},"end":{"line":381,"column":42}}]},"38":{"loc":{"start":{"line":381,"column":16},"end":{"line":381,"column":24}},"type":"binary-expr","locations":[{"start":{"line":381,"column":16},"end":{"line":381,"column":24}},{"start":{"line":381,"column":16},"end":{"line":381,"column":24}}]},"39":{"loc":{"start":{"line":397,"column":8},"end":{"line":399,"column":null}},"type":"if","locations":[{"start":{"line":397,"column":8},"end":{"line":399,"column":null}},{"start":{"line":397,"column":8},"end":{"line":399,"column":null}}]},"40":{"loc":{"start":{"line":400,"column":8},"end":{"line":402,"column":null}},"type":"if","locations":[{"start":{"line":400,"column":8},"end":{"line":402,"column":null}},{"start":{"line":400,"column":8},"end":{"line":402,"column":null}}]},"41":{"loc":{"start":{"line":412,"column":69},"end":{"line":412,"column":74}},"type":"default-arg","locations":[{"start":{"line":412,"column":69},"end":{"line":412,"column":74}}]},"42":{"loc":{"start":{"line":412,"column":105},"end":{"line":412,"column":109}},"type":"default-arg","locations":[{"start":{"line":412,"column":105},"end":{"line":412,"column":109}}]},"43":{"loc":{"start":{"line":412,"column":141},"end":{"line":412,"column":146}},"type":"default-arg","locations":[{"start":{"line":412,"column":141},"end":{"line":412,"column":146}}]},"44":{"loc":{"start":{"line":412,"column":168},"end":{"line":412,"column":173}},"type":"default-arg","locations":[{"start":{"line":412,"column":168},"end":{"line":412,"column":173}}]}},"s":{"0":1,"1":1,"2":1,"3":1,"4":1,"5":1,"6":1,"7":1,"8":1,"9":1,"10":0,"11":1,"12":0,"13":1,"14":0,"15":1,"16":0,"17":1,"18":1,"19":0,"20":0,"21":1,"22":1,"23":1,"24":1,"25":1,"26":1,"27":1,"28":1,"29":1,"30":1,"31":1,"32":1,"33":2,"34":2,"35":2,"36":1,"37":1,"38":1,"39":2,"40":1,"41":1,"42":1,"43":1,"44":1,"45":1,"46":1,"47":1,"48":1,"49":1,"50":1,"51":1,"52":0,"53":0,"54":0,"55":3,"56":2,"57":2,"58":2,"59":1,"60":1,"61":1,"62":1,"63":1,"64":1,"65":1,"66":0,"67":3,"68":3,"69":469,"70":1,"71":1,"72":1,"73":1,"74":0,"75":0,"76":0,"77":0,"78":0,"79":0,"80":0,"81":22,"82":0,"83":0,"84":22,"85":10,"86":22,"87":22,"88":22,"89":22,"90":21,"91":22,"92":22,"93":22,"94":2,"95":2,"96":8,"97":20,"98":19,"99":46,"100":19,"101":20,"102":22,"103":22,"104":21,"105":22,"106":0,"107":22,"108":20,"109":1},"f":{"0":1,"1":0,"2":1,"3":2,"4":2,"5":1,"6":1,"7":1,"8":1,"9":1,"10":1,"11":1,"12":1,"13":1,"14":1,"15":1,"16":1,"17":0,"18":0,"19":0,"20":3,"21":2,"22":1,"23":1,"24":0,"25":3,"26":469,"27":1,"28":0,"29":0,"30":22,"31":46,"32":20},"b":{"0":[0,1],"1":[0,1],"2":[0,1],"3":[0,1],"4":[0,1],"5":[1,1],"6":[1],"7":[0],"8":[1],"9":[1],"10":[1],"11":[1],"12":[1],"13":[0],"14":[0,0],"15":[0,0],"16":[0],"17":[0],"18":[0,3],"19":[3,0],"20":[0,0],"21":[0],"22":[0],"23":[0,0],"24":[0,0],"25":[0,0],"26":[0,0],"27":[0],"28":[2],"29":[0,22],"30":[10,12],"31":[0,22],"32":[0,22],"33":[22,22],"34":[21,1],"35":[2,20],"36":[19,1],"37":[0,20],"38":[20,20],"39":[21,1],"40":[0,22],"41":[17],"42":[17],"43":[17],"44":[19]}}
,"C:\\Users\\huste\\source\\repos\\TidalAPI\\lib\\model\\TidalError.ts": {"path":"C:\\Users\\huste\\source\\repos\\TidalAPI\\lib\\model\\TidalError.ts","statementMap":{"0":{"start":{"line":3,"column":8},"end":{"line":3,"column":103}},"1":{"start":{"line":4,"column":8},"end":{"line":4,"column":43}},"2":{"start":{"line":5,"column":8},"end":{"line":5,"column":39}},"3":{"start":{"line":6,"column":8},"end":{"line":6,"column":33}},"4":{"start":{"line":1,"column":0},"end":{"line":1,"column":13}}},"fnMap":{"0":{"name":"(anonymous_0)","decl":{"start":{"line":2,"column":4},"end":{"line":2,"column":16}},"loc":{"start":{"line":2,"column":32},"end":{"line":7,"column":5}}}},"branchMap":{},"s":{"0":0,"1":0,"2":0,"3":0,"4":1},"f":{"0":0},"b":{}}
}
